<?xml version="1.0" encoding="UTF-8"?>
<!-- Generated by org.testng.reporters.JUnitXMLReporter -->
<testsuite ignored="0" hostname="DKANERIYA-NB" failures="0" tests="5" name="Global Footer Links" time="39.166" errors="0" timestamp="2024-09-23T18:18:00 IST">
  <testcase classname="GlobalFooterTest" name="testCheckedAgreementWithInvalidEmail" time="2.492"/>
  <testcase classname="GlobalFooterTest" name="testCheckedAgreementWithoutEmail" time="2.763"/>
  <testcase classname="GlobalFooterTest" name="testEmptyEmailSubscription" time="2.47"/>
  <testcase classname="GlobalFooterTest" name="testFooterLinks" time="22.919"/>
  <testcase classname="GlobalFooterTest" name="testValidEmailSubscription" time="3.397"/>
</testsuite> <!-- Global Footer Links -->
