<?xml version="1.0" encoding="UTF-8"?>
<!-- Generated by org.testng.reporters.JUnitXMLReporter -->
<testsuite ignored="0" hostname="DKANERIYA-NB" failures="0" tests="5" name="Global Footer Links" time="40.023" errors="0" timestamp="2024-09-24T16:26:50 IST">
  <testcase classname="GlobalFooterTest" name="testCheckedAgreementWithInvalidEmail" time="3.476"/>
  <testcase classname="GlobalFooterTest" name="testCheckedAgreementWithoutEmail" time="2.637"/>
  <testcase classname="GlobalFooterTest" name="testEmptyEmailSubscription" time="2.341"/>
  <testcase classname="GlobalFooterTest" name="testFooterLinks" time="23.358"/>
  <testcase classname="GlobalFooterTest" name="testValidEmailSubscription" time="3.177"/>
</testsuite> <!-- Global Footer Links -->
