<?xml version="1.0" encoding="UTF-8"?>
<!-- Generated by org.testng.reporters.JUnitXMLReporter -->
<testsuite ignored="0" hostname="DKANERIYA-NB" failures="0" tests="5" name="Login Tests" time="26.043" errors="0" timestamp="2024-09-24T16:27:16 IST">
  <testcase classname="LoginPageTest" name="testEmailFieldErrorMessages" time="2.693"/>
  <testcase classname="LoginPageTest" name="testLoginCombinations" time="3.935"/>
  <testcase classname="LoginPageTest" name="testLoginCombinations" time="3.87"/>
  <testcase classname="LoginPageTest" name="testLoginCombinations" time="3.85"/>
  <testcase classname="LoginPageTest" name="testLoginCombinations" time="6.877"/>
</testsuite> <!-- Login Tests -->
