<?xml version="1.0" encoding="UTF-8"?>
<testng-results ignored="0" total="11" passed="11" failed="0" skipped="0">
  <reporter-output>
    <line>
      <![CDATA[Founded links: <br>]]>
    </line>
    <line>
      <![CDATA[1. https://development.tulipcremation.com/immediate-need.html<br>]]>
    </line>
    <line>
      <![CDATA[<b><span style='color:green;'>Assertion passed</span></b><br>]]>
    </line>
    <line>
      <![CDATA[2. https://development.tulipcremation.com/faqs/faq.html<br>]]>
    </line>
    <line>
      <![CDATA[<b><span style='color:green;'>Assertion passed</span></b><br>]]>
    </line>
    <line>
      <![CDATA[3. https://development.tulipcremation.com/articles/tulip-expert-guides.html<br>]]>
    </line>
    <line>
      <![CDATA[<b><span style='color:green;'>Assertion passed</span></b><br>]]>
    </line>
    <line>
      <![CDATA[4. https://development.tulipcremation.com/contact_us.html<br>]]>
    </line>
    <line>
      <![CDATA[<b><span style='color:green;'>Assertion passed</span></b><br>]]>
    </line>
    <line>
      <![CDATA[5. https://development.tulipcremation.com/pricing.html<br>]]>
    </line>
    <line>
      <![CDATA[<b><span style='color:green;'>Assertion passed</span></b><br>]]>
    </line>
    <line>
      <![CDATA[6. https://www.tulip.joinobit.com/<br>]]>
    </line>
    <line>
      <![CDATA[<b><span style='color:green;'>Assertion passed</span></b><br>]]>
    </line>
    <line>
      <![CDATA[7. https://development.tulipcremation.com/articles/tulip-expert-guides/death-resources/what-is-a-general-price-list-for-cremation-and-funeral-services.html<br>]]>
    </line>
    <line>
      <![CDATA[<b><span style='color:green;'>Assertion passed</span></b><br>]]>
    </line>
    <line>
      <![CDATA[8. https://development.tulipcremation.com/instant-quote/<br>]]>
    </line>
    <line>
      <![CDATA[<b><span style='color:green;'>Assertion passed</span></b><br>]]>
    </line>
    <line>
      <![CDATA[9. https://storefront:fpg2022@development.tulipcremation.com/#<br>]]>
    </line>
    <line>
      <![CDATA[<b><span style='color:green;'>Assertion passed</span></b><br>]]>
    </line>
    <line>
      <![CDATA[10. https://development.tulipcremation.com/imminent-need.html<br>]]>
    </line>
    <line>
      <![CDATA[<b><span style='color:green;'>Assertion passed</span></b><br>]]>
    </line>
    <line>
      <![CDATA[11. tel:8449424909<br>]]>
    </line>
    <line>
      <![CDATA[Skipping assertion for tel link: tel:8449424909<br>]]>
    </line>
    <line>
      <![CDATA[12. https://development.tulipcremation.com/login/<br>]]>
    </line>
    <line>
      <![CDATA[<b><span style='color:green;'>Assertion passed</span></b><br>]]>
    </line>
    <line>
      <![CDATA[13. https://development.tulipcremation.com/our-services.html<br>]]>
    </line>
    <line>
      <![CDATA[<b><span style='color:green;'>Assertion passed</span></b><br>]]>
    </line>
    <line>
      <![CDATA[14. https://development.tulipcremation.com/plan-ahead.html<br>]]>
    </line>
    <line>
      <![CDATA[<b><span style='color:green;'>Assertion passed</span></b><br>]]>
    </line>
    <line>
      <![CDATA[15. https://development.tulipcremation.com/service-areas/service-area.html<br>]]>
    </line>
    <line>
      <![CDATA[<b><span style='color:green;'>Assertion passed</span></b><br>]]>
    </line>
    <line>
      <![CDATA[16. https://development.tulipcremation.com/stories/stories.html<br>]]>
    </line>
    <line>
      <![CDATA[<b><span style='color:green;'>Assertion passed</span></b><br>]]>
    </line>
    <line>
      <![CDATA[17. https://development.tulipcremation.com/<br>]]>
    </line>
    <line>
      <![CDATA[<b><span style='color:green;'>Assertion passed</span></b><br>]]>
    </line>
    <line>
      <![CDATA[18. https://development.tulipcremation.com/articles/tulip-expert-guides/end-of-life-planning/what-is-direct-cremation.html<br>]]>
    </line>
    <line>
      <![CDATA[<b><span style='color:green;'>Assertion passed</span></b><br>]]>
    </line>
    <line>
      <![CDATA[<b><span style='color:green;'>All header links are working as expected. Test passed!</span></b><br>]]>
    </line>
    <line>
      <![CDATA[Test passed: Invalid email message displayed as expected: Please enter a valid email address.<br>]]>
    </line>
    <line>
      <![CDATA[<b><span style='color:green;'>Overall Test Passed!</span></b>]]>
    </line>
    <line>
      <![CDATA[Test passed: Email validation message displayed as expected: This field is required.<br>]]>
    </line>
    <line>
      <![CDATA[<b><span style='color:green;'>Overall Test Passed!</span></b>]]>
    </line>
    <line>
      <![CDATA[Test passed: Email validation message displayed as expected: This field is required.<br>]]>
    </line>
    <line>
      <![CDATA[Test passed: Agreement message displayed as expected: You must accept Privacy and Cookie Policies before subscription.<br>]]>
    </line>
    <line>
      <![CDATA[<b><span style='color:green;'>Overall Test Passed!</span></b>]]>
    </line>
    <line>
      <![CDATA[Founded links: <br>]]>
    </line>
    <line>
      <![CDATA[1. https://development.tulipcremation.com/faqs/faq.html<br>]]>
    </line>
    <line>
      <![CDATA[<b><span style='color:green;'>Assertion passed</span></b><br>]]>
    </line>
    <line>
      <![CDATA[2. https://development.afterall.com/privacy-policy.html<br>]]>
    </line>
    <line>
      <![CDATA[<b><span style='color:green;'>Assertion passed</span></b><br>]]>
    </line>
    <line>
      <![CDATA[3. https://development.tulipcremation.com/articles/tulip-expert-guides.html<br>]]>
    </line>
    <line>
      <![CDATA[<b><span style='color:green;'>Assertion passed</span></b><br>]]>
    </line>
    <line>
      <![CDATA[4. https://development.tulipcremation.com/pricing.html<br>]]>
    </line>
    <line>
      <![CDATA[<b><span style='color:green;'>Assertion passed</span></b><br>]]>
    </line>
    <line>
      <![CDATA[5. mailto:care@tulipcremation.com<br>]]>
    </line>
    <line>
      <![CDATA[Skipping assertion for mail link: mailto:care@tulipcremation.com<br>]]>
    </line>
    <line>
      <![CDATA[6. https://development.afterall.com/help-center/customer-service/terms-and-conditions/terms-of-use.html<br>]]>
    </line>
    <line>
      <![CDATA[<b><span style='color:green;'>Assertion passed</span></b><br>]]>
    </line>
    <line>
      <![CDATA[7. https://search.dca.ca.gov/details/4800/FD/2467/933fc0f99744d220b7f83d7255868285<br>]]>
    </line>
    <line>
      <![CDATA[<b><span style='color:green;'>Assertion passed</span></b><br>]]>
    </line>
    <line>
      <![CDATA[8. https://development.tulipcremation.com/articles/tulip-expert-guides/tulip-care-professionals.html<br>]]>
    </line>
    <line>
      <![CDATA[<b><span style='color:green;'>Assertion passed</span></b><br>]]>
    </line>
    <line>
      <![CDATA[9. https://search.dca.ca.gov/details/4800/FD/2322/71bccc311f3e56ccd0160ac553aecf18<br>]]>
    </line>
    <line>
      <![CDATA[<b><span style='color:green;'>Assertion passed</span></b><br>]]>
    </line>
    <line>
      <![CDATA[10. tel:8449424909<br>]]>
    </line>
    <line>
      <![CDATA[Skipping assertion for tel link: tel:8449424909<br>]]>
    </line>
    <line>
      <![CDATA[11. https://www.facebook.com/tulipcremation<br>]]>
    </line>
    <line>
      <![CDATA[<b><span style='color:green;'>Assertion passed</span></b><br>]]>
    </line>
    <line>
      <![CDATA[12. https://development.tulipcremation.com/our-services.html<br>]]>
    </line>
    <line>
      <![CDATA[<b><span style='color:green;'>Assertion passed</span></b><br>]]>
    </line>
    <line>
      <![CDATA[13. https://development.tulipcremation.com/service-areas/service-area.html<br>]]>
    </line>
    <line>
      <![CDATA[<b><span style='color:green;'>Assertion passed</span></b><br>]]>
    </line>
    <line>
      <![CDATA[14. https://development.tulipcremation.com/our-story.html<br>]]>
    </line>
    <line>
      <![CDATA[<b><span style='color:green;'>Assertion passed</span></b><br>]]>
    </line>
    <line>
      <![CDATA[15. https://development.tulipcremation.com/general-price-lists.html<br>]]>
    </line>
    <line>
      <![CDATA[<b><span style='color:green;'>Assertion passed</span></b><br>]]>
    </line>
    <line>
      <![CDATA[<b><span style='color:green;'>All footer links are working as expected. Test passed!</span></b><br>]]>
    </line>
    <line>
      <![CDATA[Test passed: Subscription success message displayed as expected: Thanks for signing up!<br>]]>
    </line>
    <line>
      <![CDATA[<b><span style='color:green;'>Overall Test Passed!</span></b>]]>
    </line>
    <line>
      <![CDATA[Test passed: Empty email field error message displayed as expected: This field is required.<br>]]>
    </line>
    <line>
      <![CDATA[Test passed: Empty password field error message displayed as expected: This field is required.<br>]]>
    </line>
    <line>
      <![CDATA[Test passed: Invalid email field error message displayed as expected: Please enter a valid email address.<br>]]>
    </line>
    <line>
      <![CDATA[<b><span style='color:green;'>Overall test passed: Email and password field validation completed successfully.</span></b><br>]]>
    </line>
    <line>
      <![CDATA[Test passed: Expected error message displayed: Sorry, your email or password doesn't match our records. Please check that you have entered them correctly<br>]]>
    </line>
    <line>
      <![CDATA[<b><span style='color:green;'>Overall Test Passed for the current data set!</span></b><br>]]>
    </line>
    <line>
      <![CDATA[Test passed: Expected error message displayed: Sorry, your email or password doesn't match our records. Please check that you have entered them correctly<br>]]>
    </line>
    <line>
      <![CDATA[<b><span style='color:green;'>Overall Test Passed for the current data set!</span></b><br>]]>
    </line>
    <line>
      <![CDATA[Test passed: Expected error message displayed: Sorry, your email or password doesn't match our records. Please check that you have entered them correctly<br>]]>
    </line>
    <line>
      <![CDATA[<b><span style='color:green;'>Overall Test Passed for the current data set!</span></b><br>]]>
    </line>
    <line>
      <![CDATA[Test passed: Login Successful<br>]]>
    </line>
    <line>
      <![CDATA[<b><span style='color:green;'>Overall Test Passed for the current data set!</span></b><br>]]>
    </line>
  </reporter-output>
  <suite started-at="2024-09-24T16:25:12 IST" name="Smoke Testing" finished-at="2024-09-24T16:27:16 IST" duration-ms="124703">
    <groups>
    </groups>
    <test started-at="2024-09-24T16:25:12 IST" name="Global Header Links" finished-at="2024-09-24T16:26:10 IST" duration-ms="58574">
      <class name="GlobalHeaderTest">
        <test-method is-config="true" signature="setUp()[pri:0, instance:GlobalHeaderTest@7c469c48]" started-at="2024-09-24T16:25:12 IST" name="setUp" finished-at="2024-09-24T16:25:19 IST" duration-ms="7141" status="PASS">
          <reporter-output>
          </reporter-output>
        </test-method> <!-- setUp -->
        <test-method signature="testHeaderLinks()[pri:0, instance:GlobalHeaderTest@7c469c48]" started-at="2024-09-24T16:25:19 IST" name="testHeaderLinks" finished-at="2024-09-24T16:26:10 IST" duration-ms="51246" status="PASS">
          <reporter-output>
            <line>
              <![CDATA[Founded links: <br>]]>
            </line>
            <line>
              <![CDATA[1. https://development.tulipcremation.com/immediate-need.html<br>]]>
            </line>
            <line>
              <![CDATA[<b><span style='color:green;'>Assertion passed</span></b><br>]]>
            </line>
            <line>
              <![CDATA[2. https://development.tulipcremation.com/faqs/faq.html<br>]]>
            </line>
            <line>
              <![CDATA[<b><span style='color:green;'>Assertion passed</span></b><br>]]>
            </line>
            <line>
              <![CDATA[3. https://development.tulipcremation.com/articles/tulip-expert-guides.html<br>]]>
            </line>
            <line>
              <![CDATA[<b><span style='color:green;'>Assertion passed</span></b><br>]]>
            </line>
            <line>
              <![CDATA[4. https://development.tulipcremation.com/contact_us.html<br>]]>
            </line>
            <line>
              <![CDATA[<b><span style='color:green;'>Assertion passed</span></b><br>]]>
            </line>
            <line>
              <![CDATA[5. https://development.tulipcremation.com/pricing.html<br>]]>
            </line>
            <line>
              <![CDATA[<b><span style='color:green;'>Assertion passed</span></b><br>]]>
            </line>
            <line>
              <![CDATA[6. https://www.tulip.joinobit.com/<br>]]>
            </line>
            <line>
              <![CDATA[<b><span style='color:green;'>Assertion passed</span></b><br>]]>
            </line>
            <line>
              <![CDATA[7. https://development.tulipcremation.com/articles/tulip-expert-guides/death-resources/what-is-a-general-price-list-for-cremation-and-funeral-services.html<br>]]>
            </line>
            <line>
              <![CDATA[<b><span style='color:green;'>Assertion passed</span></b><br>]]>
            </line>
            <line>
              <![CDATA[8. https://development.tulipcremation.com/instant-quote/<br>]]>
            </line>
            <line>
              <![CDATA[<b><span style='color:green;'>Assertion passed</span></b><br>]]>
            </line>
            <line>
              <![CDATA[9. https://storefront:fpg2022@development.tulipcremation.com/#<br>]]>
            </line>
            <line>
              <![CDATA[<b><span style='color:green;'>Assertion passed</span></b><br>]]>
            </line>
            <line>
              <![CDATA[10. https://development.tulipcremation.com/imminent-need.html<br>]]>
            </line>
            <line>
              <![CDATA[<b><span style='color:green;'>Assertion passed</span></b><br>]]>
            </line>
            <line>
              <![CDATA[11. tel:8449424909<br>]]>
            </line>
            <line>
              <![CDATA[Skipping assertion for tel link: tel:8449424909<br>]]>
            </line>
            <line>
              <![CDATA[12. https://development.tulipcremation.com/login/<br>]]>
            </line>
            <line>
              <![CDATA[<b><span style='color:green;'>Assertion passed</span></b><br>]]>
            </line>
            <line>
              <![CDATA[13. https://development.tulipcremation.com/our-services.html<br>]]>
            </line>
            <line>
              <![CDATA[<b><span style='color:green;'>Assertion passed</span></b><br>]]>
            </line>
            <line>
              <![CDATA[14. https://development.tulipcremation.com/plan-ahead.html<br>]]>
            </line>
            <line>
              <![CDATA[<b><span style='color:green;'>Assertion passed</span></b><br>]]>
            </line>
            <line>
              <![CDATA[15. https://development.tulipcremation.com/service-areas/service-area.html<br>]]>
            </line>
            <line>
              <![CDATA[<b><span style='color:green;'>Assertion passed</span></b><br>]]>
            </line>
            <line>
              <![CDATA[16. https://development.tulipcremation.com/stories/stories.html<br>]]>
            </line>
            <line>
              <![CDATA[<b><span style='color:green;'>Assertion passed</span></b><br>]]>
            </line>
            <line>
              <![CDATA[17. https://development.tulipcremation.com/<br>]]>
            </line>
            <line>
              <![CDATA[<b><span style='color:green;'>Assertion passed</span></b><br>]]>
            </line>
            <line>
              <![CDATA[18. https://development.tulipcremation.com/articles/tulip-expert-guides/end-of-life-planning/what-is-direct-cremation.html<br>]]>
            </line>
            <line>
              <![CDATA[<b><span style='color:green;'>Assertion passed</span></b><br>]]>
            </line>
            <line>
              <![CDATA[<b><span style='color:green;'>All header links are working as expected. Test passed!</span></b><br>]]>
            </line>
          </reporter-output>
        </test-method> <!-- testHeaderLinks -->
        <test-method is-config="true" signature="tearDown()[pri:0, instance:GlobalHeaderTest@7c469c48]" started-at="2024-09-24T16:26:10 IST" name="tearDown" finished-at="2024-09-24T16:26:10 IST" duration-ms="154" status="PASS">
          <reporter-output>
          </reporter-output>
        </test-method> <!-- tearDown -->
      </class> <!-- GlobalHeaderTest -->
    </test> <!-- Global Header Links -->
    <test started-at="2024-09-24T16:26:10 IST" name="Global Footer Links" finished-at="2024-09-24T16:26:50 IST" duration-ms="40023">
      <class name="GlobalFooterTest">
        <test-method is-config="true" signature="setUp()[pri:0, instance:GlobalFooterTest@35047d03]" started-at="2024-09-24T16:26:10 IST" name="setUp" finished-at="2024-09-24T16:26:15 IST" duration-ms="4749" status="PASS">
          <reporter-output>
          </reporter-output>
        </test-method> <!-- setUp -->
        <test-method signature="testCheckedAgreementWithInvalidEmail()[pri:0, instance:GlobalFooterTest@35047d03]" started-at="2024-09-24T16:26:15 IST" name="testCheckedAgreementWithInvalidEmail" finished-at="2024-09-24T16:26:19 IST" duration-ms="3476" status="PASS">
          <reporter-output>
            <line>
              <![CDATA[Test passed: Invalid email message displayed as expected: Please enter a valid email address.<br>]]>
            </line>
            <line>
              <![CDATA[<b><span style='color:green;'>Overall Test Passed!</span></b>]]>
            </line>
          </reporter-output>
        </test-method> <!-- testCheckedAgreementWithInvalidEmail -->
        <test-method signature="testCheckedAgreementWithoutEmail()[pri:0, instance:GlobalFooterTest@35047d03]" started-at="2024-09-24T16:26:19 IST" name="testCheckedAgreementWithoutEmail" finished-at="2024-09-24T16:26:21 IST" duration-ms="2637" status="PASS">
          <reporter-output>
            <line>
              <![CDATA[Test passed: Email validation message displayed as expected: This field is required.<br>]]>
            </line>
            <line>
              <![CDATA[<b><span style='color:green;'>Overall Test Passed!</span></b>]]>
            </line>
          </reporter-output>
        </test-method> <!-- testCheckedAgreementWithoutEmail -->
        <test-method signature="testEmptyEmailSubscription()[pri:0, instance:GlobalFooterTest@35047d03]" started-at="2024-09-24T16:26:21 IST" name="testEmptyEmailSubscription" finished-at="2024-09-24T16:26:24 IST" duration-ms="2341" status="PASS">
          <reporter-output>
            <line>
              <![CDATA[Test passed: Email validation message displayed as expected: This field is required.<br>]]>
            </line>
            <line>
              <![CDATA[Test passed: Agreement message displayed as expected: You must accept Privacy and Cookie Policies before subscription.<br>]]>
            </line>
            <line>
              <![CDATA[<b><span style='color:green;'>Overall Test Passed!</span></b>]]>
            </line>
          </reporter-output>
        </test-method> <!-- testEmptyEmailSubscription -->
        <test-method signature="testFooterLinks()[pri:0, instance:GlobalFooterTest@35047d03]" started-at="2024-09-24T16:26:24 IST" name="testFooterLinks" finished-at="2024-09-24T16:26:47 IST" duration-ms="23358" status="PASS">
          <reporter-output>
            <line>
              <![CDATA[Founded links: <br>]]>
            </line>
            <line>
              <![CDATA[1. https://development.tulipcremation.com/faqs/faq.html<br>]]>
            </line>
            <line>
              <![CDATA[<b><span style='color:green;'>Assertion passed</span></b><br>]]>
            </line>
            <line>
              <![CDATA[2. https://development.afterall.com/privacy-policy.html<br>]]>
            </line>
            <line>
              <![CDATA[<b><span style='color:green;'>Assertion passed</span></b><br>]]>
            </line>
            <line>
              <![CDATA[3. https://development.tulipcremation.com/articles/tulip-expert-guides.html<br>]]>
            </line>
            <line>
              <![CDATA[<b><span style='color:green;'>Assertion passed</span></b><br>]]>
            </line>
            <line>
              <![CDATA[4. https://development.tulipcremation.com/pricing.html<br>]]>
            </line>
            <line>
              <![CDATA[<b><span style='color:green;'>Assertion passed</span></b><br>]]>
            </line>
            <line>
              <![CDATA[5. mailto:care@tulipcremation.com<br>]]>
            </line>
            <line>
              <![CDATA[Skipping assertion for mail link: mailto:care@tulipcremation.com<br>]]>
            </line>
            <line>
              <![CDATA[6. https://development.afterall.com/help-center/customer-service/terms-and-conditions/terms-of-use.html<br>]]>
            </line>
            <line>
              <![CDATA[<b><span style='color:green;'>Assertion passed</span></b><br>]]>
            </line>
            <line>
              <![CDATA[7. https://search.dca.ca.gov/details/4800/FD/2467/933fc0f99744d220b7f83d7255868285<br>]]>
            </line>
            <line>
              <![CDATA[<b><span style='color:green;'>Assertion passed</span></b><br>]]>
            </line>
            <line>
              <![CDATA[8. https://development.tulipcremation.com/articles/tulip-expert-guides/tulip-care-professionals.html<br>]]>
            </line>
            <line>
              <![CDATA[<b><span style='color:green;'>Assertion passed</span></b><br>]]>
            </line>
            <line>
              <![CDATA[9. https://search.dca.ca.gov/details/4800/FD/2322/71bccc311f3e56ccd0160ac553aecf18<br>]]>
            </line>
            <line>
              <![CDATA[<b><span style='color:green;'>Assertion passed</span></b><br>]]>
            </line>
            <line>
              <![CDATA[10. tel:8449424909<br>]]>
            </line>
            <line>
              <![CDATA[Skipping assertion for tel link: tel:8449424909<br>]]>
            </line>
            <line>
              <![CDATA[11. https://www.facebook.com/tulipcremation<br>]]>
            </line>
            <line>
              <![CDATA[<b><span style='color:green;'>Assertion passed</span></b><br>]]>
            </line>
            <line>
              <![CDATA[12. https://development.tulipcremation.com/our-services.html<br>]]>
            </line>
            <line>
              <![CDATA[<b><span style='color:green;'>Assertion passed</span></b><br>]]>
            </line>
            <line>
              <![CDATA[13. https://development.tulipcremation.com/service-areas/service-area.html<br>]]>
            </line>
            <line>
              <![CDATA[<b><span style='color:green;'>Assertion passed</span></b><br>]]>
            </line>
            <line>
              <![CDATA[14. https://development.tulipcremation.com/our-story.html<br>]]>
            </line>
            <line>
              <![CDATA[<b><span style='color:green;'>Assertion passed</span></b><br>]]>
            </line>
            <line>
              <![CDATA[15. https://development.tulipcremation.com/general-price-lists.html<br>]]>
            </line>
            <line>
              <![CDATA[<b><span style='color:green;'>Assertion passed</span></b><br>]]>
            </line>
            <line>
              <![CDATA[<b><span style='color:green;'>All footer links are working as expected. Test passed!</span></b><br>]]>
            </line>
          </reporter-output>
        </test-method> <!-- testFooterLinks -->
        <test-method signature="testValidEmailSubscription()[pri:0, instance:GlobalFooterTest@35047d03]" started-at="2024-09-24T16:26:47 IST" name="testValidEmailSubscription" finished-at="2024-09-24T16:26:50 IST" duration-ms="3177" status="PASS">
          <reporter-output>
            <line>
              <![CDATA[Test passed: Subscription success message displayed as expected: Thanks for signing up!<br>]]>
            </line>
            <line>
              <![CDATA[<b><span style='color:green;'>Overall Test Passed!</span></b>]]>
            </line>
          </reporter-output>
        </test-method> <!-- testValidEmailSubscription -->
        <test-method is-config="true" signature="tearDown()[pri:0, instance:GlobalFooterTest@35047d03]" started-at="2024-09-24T16:26:50 IST" name="tearDown" finished-at="2024-09-24T16:26:50 IST" duration-ms="281" status="PASS">
          <reporter-output>
          </reporter-output>
        </test-method> <!-- tearDown -->
      </class> <!-- GlobalFooterTest -->
    </test> <!-- Global Footer Links -->
    <test started-at="2024-09-24T16:26:50 IST" name="Login Tests" finished-at="2024-09-24T16:27:16 IST" duration-ms="26043">
      <class name="LoginPageTest">
        <test-method is-config="true" signature="setUp()[pri:0, instance:LoginPageTest@13e39c73]" started-at="2024-09-24T16:26:50 IST" name="setUp" finished-at="2024-09-24T16:26:55 IST" duration-ms="4528" status="PASS">
          <reporter-output>
          </reporter-output>
        </test-method> <!-- setUp -->
        <test-method signature="testEmailFieldErrorMessages()[pri:0, instance:LoginPageTest@13e39c73]" started-at="2024-09-24T16:26:55 IST" name="testEmailFieldErrorMessages" finished-at="2024-09-24T16:26:58 IST" duration-ms="2693" status="PASS">
          <reporter-output>
            <line>
              <![CDATA[Test passed: Empty email field error message displayed as expected: This field is required.<br>]]>
            </line>
            <line>
              <![CDATA[Test passed: Empty password field error message displayed as expected: This field is required.<br>]]>
            </line>
            <line>
              <![CDATA[Test passed: Invalid email field error message displayed as expected: Please enter a valid email address.<br>]]>
            </line>
            <line>
              <![CDATA[<b><span style='color:green;'>Overall test passed: Email and password field validation completed successfully.</span></b><br>]]>
            </line>
          </reporter-output>
        </test-method> <!-- testEmailFieldErrorMessages -->
        <test-method signature="testLoginCombinations(java.lang.String,java.lang.String,java.lang.String)[pri:0, instance:LoginPageTest@13e39c73]" started-at="2024-09-24T16:26:58 IST" name="testLoginCombinations" data-provider="loginData" finished-at="2024-09-24T16:27:02 IST" duration-ms="3935" status="PASS">
          <params>
            <param index="0">
              <value>
                <![CDATA[invalid-email@example.com]]>
              </value>
            </param>
            <param index="1">
              <value>
                <![CDATA[invalid-password]]>
              </value>
            </param>
            <param index="2">
              <value>
                <![CDATA[Sorry, your email or password doesn't match our records. Please check that you have entered them correctly]]>
              </value>
            </param>
          </params>
          <reporter-output>
            <line>
              <![CDATA[Test passed: Expected error message displayed: Sorry, your email or password doesn't match our records. Please check that you have entered them correctly<br>]]>
            </line>
            <line>
              <![CDATA[<b><span style='color:green;'>Overall Test Passed for the current data set!</span></b><br>]]>
            </line>
          </reporter-output>
        </test-method> <!-- testLoginCombinations -->
        <test-method signature="testLoginCombinations(java.lang.String,java.lang.String,java.lang.String)[pri:0, instance:LoginPageTest@13e39c73]" started-at="2024-09-24T16:27:02 IST" name="testLoginCombinations" data-provider="loginData" finished-at="2024-09-24T16:27:05 IST" duration-ms="3870" status="PASS">
          <params>
            <param index="0">
              <value>
                <![CDATA[invalid-email@example.com]]>
              </value>
            </param>
            <param index="1">
              <value>
                <![CDATA[Asd123$%^]]>
              </value>
            </param>
            <param index="2">
              <value>
                <![CDATA[Sorry, your email or password doesn't match our records. Please check that you have entered them correctly]]>
              </value>
            </param>
          </params>
          <reporter-output>
            <line>
              <![CDATA[Test passed: Expected error message displayed: Sorry, your email or password doesn't match our records. Please check that you have entered them correctly<br>]]>
            </line>
            <line>
              <![CDATA[<b><span style='color:green;'>Overall Test Passed for the current data set!</span></b><br>]]>
            </line>
          </reporter-output>
        </test-method> <!-- testLoginCombinations -->
        <test-method signature="testLoginCombinations(java.lang.String,java.lang.String,java.lang.String)[pri:0, instance:LoginPageTest@13e39c73]" started-at="2024-09-24T16:27:05 IST" name="testLoginCombinations" data-provider="loginData" finished-at="2024-09-24T16:27:09 IST" duration-ms="3850" status="PASS">
          <params>
            <param index="0">
              <value>
                <![CDATA[d.kaneriya+080920241@astounddigital.com]]>
              </value>
            </param>
            <param index="1">
              <value>
                <![CDATA[invalid-password]]>
              </value>
            </param>
            <param index="2">
              <value>
                <![CDATA[Sorry, your email or password doesn't match our records. Please check that you have entered them correctly]]>
              </value>
            </param>
          </params>
          <reporter-output>
            <line>
              <![CDATA[Test passed: Expected error message displayed: Sorry, your email or password doesn't match our records. Please check that you have entered them correctly<br>]]>
            </line>
            <line>
              <![CDATA[<b><span style='color:green;'>Overall Test Passed for the current data set!</span></b><br>]]>
            </line>
          </reporter-output>
        </test-method> <!-- testLoginCombinations -->
        <test-method signature="testLoginCombinations(java.lang.String,java.lang.String,java.lang.String)[pri:0, instance:LoginPageTest@13e39c73]" started-at="2024-09-24T16:27:09 IST" name="testLoginCombinations" data-provider="loginData" finished-at="2024-09-24T16:27:16 IST" duration-ms="6877" status="PASS">
          <params>
            <param index="0">
              <value>
                <![CDATA[d.kaneriya+080920241@astounddigital.com]]>
              </value>
            </param>
            <param index="1">
              <value>
                <![CDATA[Asd123$%^]]>
              </value>
            </param>
            <param index="2">
              <value is-null="true"/>
            </param>
          </params>
          <reporter-output>
            <line>
              <![CDATA[Test passed: Login Successful<br>]]>
            </line>
            <line>
              <![CDATA[<b><span style='color:green;'>Overall Test Passed for the current data set!</span></b><br>]]>
            </line>
          </reporter-output>
        </test-method> <!-- testLoginCombinations -->
        <test-method is-config="true" signature="tearDown()[pri:0, instance:LoginPageTest@13e39c73]" started-at="2024-09-24T16:27:16 IST" name="tearDown" finished-at="2024-09-24T16:27:16 IST" duration-ms="281" status="PASS">
          <reporter-output>
          </reporter-output>
        </test-method> <!-- tearDown -->
      </class> <!-- LoginPageTest -->
    </test> <!-- Login Tests -->
  </suite> <!-- Smoke Testing -->
</testng-results>
